<?xml version="1.0" encoding="UTF-8"?>
<robot generator="Robot 4.0.2 (Python 3.9.0 on win32)" generated="20210603 23:09:36.610" rpa="false" schemaversion="2">
<suite id="s1" name="Test case section" source="F:\Pentagon\practice\robot framework\Test_case_section.robot">
<test id="s1-t1" name="Basic Test Case">
<for flavor="IN RANGE">
<var>${I}</var>
<value>3</value>
<iter>
<var name="${I}">0</var>
<kw name="Evaluate" library="BuiltIn">
<var>${sum}</var>
<arg>${sum}+${List}[${I}]</arg>
<doc>Evaluates the given expression in Python and returns the result.</doc>
<msg timestamp="20210603 23:09:36.657" level="INFO">${sum} = 10</msg>
<status status="PASS" starttime="20210603 23:09:36.657" endtime="20210603 23:09:36.657"/>
</kw>
<status status="PASS" starttime="20210603 23:09:36.657" endtime="20210603 23:09:36.657"/>
</iter>
<iter>
<var name="${I}">1</var>
<kw name="Evaluate" library="BuiltIn">
<var>${sum}</var>
<arg>${sum}+${List}[${I}]</arg>
<doc>Evaluates the given expression in Python and returns the result.</doc>
<msg timestamp="20210603 23:09:36.657" level="INFO">${sum} = 30</msg>
<status status="PASS" starttime="20210603 23:09:36.657" endtime="20210603 23:09:36.657"/>
</kw>
<status status="PASS" starttime="20210603 23:09:36.657" endtime="20210603 23:09:36.657"/>
</iter>
<iter>
<var name="${I}">2</var>
<kw name="Evaluate" library="BuiltIn">
<var>${sum}</var>
<arg>${sum}+${List}[${I}]</arg>
<doc>Evaluates the given expression in Python and returns the result.</doc>
<msg timestamp="20210603 23:09:36.657" level="INFO">${sum} = 60</msg>
<status status="PASS" starttime="20210603 23:09:36.657" endtime="20210603 23:09:36.657"/>
</kw>
<status status="PASS" starttime="20210603 23:09:36.657" endtime="20210603 23:09:36.657"/>
</iter>
<status status="PASS" starttime="20210603 23:09:36.657" endtime="20210603 23:09:36.657"/>
</for>
<kw name="Log" library="BuiltIn">
<arg>${sum}</arg>
<doc>Logs the given message with the given level.</doc>
<msg timestamp="20210603 23:09:36.657" level="INFO">60</msg>
<status status="PASS" starttime="20210603 23:09:36.657" endtime="20210603 23:09:36.657"/>
</kw>
<kw name="Run Keyword" library="BuiltIn">
<arg>Create_Chart</arg>
<doc>Executes the given keyword with the given arguments.</doc>
<kw name="Create_Chart">
<for flavor="IN RANGE">
<var>${J}</var>
<value>3</value>
<iter>
<var name="${J}">0</var>
<kw name="Create List" library="BuiltIn">
<var>${x-axis}</var>
<arg>${J}</arg>
<doc>Returns a list containing given items.</doc>
<msg timestamp="20210603 23:09:36.673" level="INFO">${x-axis} = [0]</msg>
<status status="PASS" starttime="20210603 23:09:36.673" endtime="20210603 23:09:36.673"/>
</kw>
<kw name="Create List" library="BuiltIn">
<var>${y-axis}</var>
<arg>${List}[${J}]</arg>
<doc>Returns a list containing given items.</doc>
<msg timestamp="20210603 23:09:36.673" level="INFO">${y-axis} = ['10']</msg>
<status status="PASS" starttime="20210603 23:09:36.673" endtime="20210603 23:09:36.673"/>
</kw>
<kw name="Append To List" library="Collections">
<arg>${List_2}</arg>
<arg>${x-axis}</arg>
<doc>Adds ``values`` to the end of ``list``.</doc>
<status status="PASS" starttime="20210603 23:09:36.673" endtime="20210603 23:09:36.673"/>
</kw>
<kw name="Append To List" library="Collections">
<arg>${List_3}</arg>
<arg>${y-axis}</arg>
<doc>Adds ``values`` to the end of ``list``.</doc>
<status status="PASS" starttime="20210603 23:09:36.673" endtime="20210603 23:09:36.673"/>
</kw>
<status status="PASS" starttime="20210603 23:09:36.673" endtime="20210603 23:09:36.673"/>
</iter>
<iter>
<var name="${J}">1</var>
<kw name="Create List" library="BuiltIn">
<var>${x-axis}</var>
<arg>${J}</arg>
<doc>Returns a list containing given items.</doc>
<msg timestamp="20210603 23:09:36.673" level="INFO">${x-axis} = [1]</msg>
<status status="PASS" starttime="20210603 23:09:36.673" endtime="20210603 23:09:36.673"/>
</kw>
<kw name="Create List" library="BuiltIn">
<var>${y-axis}</var>
<arg>${List}[${J}]</arg>
<doc>Returns a list containing given items.</doc>
<msg timestamp="20210603 23:09:36.673" level="INFO">${y-axis} = ['20']</msg>
<status status="PASS" starttime="20210603 23:09:36.673" endtime="20210603 23:09:36.673"/>
</kw>
<kw name="Append To List" library="Collections">
<arg>${List_2}</arg>
<arg>${x-axis}</arg>
<doc>Adds ``values`` to the end of ``list``.</doc>
<status status="PASS" starttime="20210603 23:09:36.673" endtime="20210603 23:09:36.673"/>
</kw>
<kw name="Append To List" library="Collections">
<arg>${List_3}</arg>
<arg>${y-axis}</arg>
<doc>Adds ``values`` to the end of ``list``.</doc>
<status status="PASS" starttime="20210603 23:09:36.673" endtime="20210603 23:09:36.673"/>
</kw>
<status status="PASS" starttime="20210603 23:09:36.673" endtime="20210603 23:09:36.673"/>
</iter>
<iter>
<var name="${J}">2</var>
<kw name="Create List" library="BuiltIn">
<var>${x-axis}</var>
<arg>${J}</arg>
<doc>Returns a list containing given items.</doc>
<msg timestamp="20210603 23:09:36.673" level="INFO">${x-axis} = [2]</msg>
<status status="PASS" starttime="20210603 23:09:36.673" endtime="20210603 23:09:36.673"/>
</kw>
<kw name="Create List" library="BuiltIn">
<var>${y-axis}</var>
<arg>${List}[${J}]</arg>
<doc>Returns a list containing given items.</doc>
<msg timestamp="20210603 23:09:36.673" level="INFO">${y-axis} = ['30']</msg>
<status status="PASS" starttime="20210603 23:09:36.673" endtime="20210603 23:09:36.673"/>
</kw>
<kw name="Append To List" library="Collections">
<arg>${List_2}</arg>
<arg>${x-axis}</arg>
<doc>Adds ``values`` to the end of ``list``.</doc>
<status status="PASS" starttime="20210603 23:09:36.673" endtime="20210603 23:09:36.673"/>
</kw>
<kw name="Append To List" library="Collections">
<arg>${List_3}</arg>
<arg>${y-axis}</arg>
<doc>Adds ``values`` to the end of ``list``.</doc>
<status status="PASS" starttime="20210603 23:09:36.673" endtime="20210603 23:09:36.673"/>
</kw>
<status status="PASS" starttime="20210603 23:09:36.673" endtime="20210603 23:09:36.673"/>
</iter>
<status status="PASS" starttime="20210603 23:09:36.673" endtime="20210603 23:09:36.673"/>
</for>
<kw name="Log" library="BuiltIn">
<arg>${List_2}</arg>
<doc>Logs the given message with the given level.</doc>
<msg timestamp="20210603 23:09:36.673" level="INFO">[[0], [1], [2]]</msg>
<status status="PASS" starttime="20210603 23:09:36.673" endtime="20210603 23:09:36.673"/>
</kw>
<kw name="Log" library="BuiltIn">
<arg>${List_3}</arg>
<doc>Logs the given message with the given level.</doc>
<msg timestamp="20210603 23:09:36.673" level="INFO">[['10'], ['20'], ['30']]</msg>
<status status="PASS" starttime="20210603 23:09:36.673" endtime="20210603 23:09:36.673"/>
</kw>
<status status="PASS" starttime="20210603 23:09:36.657" endtime="20210603 23:09:36.673"/>
</kw>
<status status="PASS" starttime="20210603 23:09:36.657" endtime="20210603 23:09:36.673"/>
</kw>
<kw name="Log" library="BuiltIn">
<arg>${Var1}</arg>
<doc>Logs the given message with the given level.</doc>
<msg timestamp="20210603 23:09:36.673" level="INFO">Good Morning</msg>
<status status="PASS" starttime="20210603 23:09:36.673" endtime="20210603 23:09:36.673"/>
</kw>
<kw name="Log" library="BuiltIn">
<arg>${var1}</arg>
<doc>Logs the given message with the given level.</doc>
<msg timestamp="20210603 23:09:36.673" level="INFO">Good Morning</msg>
<status status="PASS" starttime="20210603 23:09:36.673" endtime="20210603 23:09:36.673"/>
</kw>
<kw name="Log" library="BuiltIn">
<arg>${Var 1}</arg>
<doc>Logs the given message with the given level.</doc>
<msg timestamp="20210603 23:09:36.673" level="INFO">Good Morning</msg>
<status status="PASS" starttime="20210603 23:09:36.673" endtime="20210603 23:09:36.673"/>
</kw>
<kw name="Log" library="BuiltIn">
<arg>${var 1}</arg>
<doc>Logs the given message with the given level.</doc>
<msg timestamp="20210603 23:09:36.673" level="INFO">Good Morning</msg>
<status status="PASS" starttime="20210603 23:09:36.673" endtime="20210603 23:09:36.673"/>
</kw>
<kw name="Log" library="BuiltIn">
<arg>${Var_1}</arg>
<doc>Logs the given message with the given level.</doc>
<msg timestamp="20210603 23:09:36.673" level="INFO">Good Morning</msg>
<status status="PASS" starttime="20210603 23:09:36.673" endtime="20210603 23:09:36.673"/>
</kw>
<kw name="Log" library="BuiltIn">
<arg>${Var 2}</arg>
<doc>Logs the given message with the given level.</doc>
<msg timestamp="20210603 23:09:36.673" level="INFO">Users</msg>
<status status="PASS" starttime="20210603 23:09:36.673" endtime="20210603 23:09:36.673"/>
</kw>
<kw name="Log" library="BuiltIn">
<arg>${List}</arg>
<doc>Logs the given message with the given level.</doc>
<msg timestamp="20210603 23:09:36.673" level="INFO">['10', '20', '30', '40']</msg>
<status status="PASS" starttime="20210603 23:09:36.673" endtime="20210603 23:09:36.673"/>
</kw>
<kw name="Log" library="BuiltIn">
<arg>${dict}</arg>
<doc>Logs the given message with the given level.</doc>
<msg timestamp="20210603 23:09:36.688" level="INFO">{'name': 'Ram', 'age': '19', 'course': 'BE', 'branch': 'CSE'}</msg>
<status status="PASS" starttime="20210603 23:09:36.688" endtime="20210603 23:09:36.688"/>
</kw>
<kw name="Log" library="BuiltIn">
<arg>${List_2}</arg>
<doc>Logs the given message with the given level.</doc>
<msg timestamp="20210603 23:09:36.688" level="INFO">[[0], [1], [2]]</msg>
<status status="PASS" starttime="20210603 23:09:36.688" endtime="20210603 23:09:36.688"/>
</kw>
<kw name="Log" library="BuiltIn">
<arg>${dict_1}</arg>
<doc>Logs the given message with the given level.</doc>
<msg timestamp="20210603 23:09:36.688" level="INFO">{}</msg>
<status status="PASS" starttime="20210603 23:09:36.688" endtime="20210603 23:09:36.688"/>
</kw>
<kw name="Log" library="BuiltIn">
<arg>${boolean_variable_1}</arg>
<doc>Logs the given message with the given level.</doc>
<msg timestamp="20210603 23:09:36.688" level="INFO">True</msg>
<status status="PASS" starttime="20210603 23:09:36.688" endtime="20210603 23:09:36.688"/>
</kw>
<kw name="Log" library="BuiltIn">
<arg>${boolean_variable_2}</arg>
<doc>Logs the given message with the given level.</doc>
<msg timestamp="20210603 23:09:36.688" level="INFO">False</msg>
<status status="PASS" starttime="20210603 23:09:36.688" endtime="20210603 23:09:36.688"/>
</kw>
<status status="PASS" starttime="20210603 23:09:36.657" endtime="20210603 23:09:36.688"/>
</test>
<status status="PASS" starttime="20210603 23:09:36.610" endtime="20210603 23:09:36.688"/>
</suite>
<statistics>
<total>
<stat pass="1" fail="0" skip="0">All Tests</stat>
</total>
<tag>
</tag>
<suite>
<stat pass="1" fail="0" skip="0" id="s1" name="Test case section">Test case section</stat>
</suite>
</statistics>
<errors>
</errors>
</robot>
